[11:20:24] [main/INFO]: Setting user: Player251
[11:20:28] [Client thread/INFO]: LWJGL Version: 2.9.1
[11:20:43] [Client thread/INFO]: Reloading ResourceManager: Default, FMLFileResourcePack:Forge Mod Loader, FMLFileResourcePack:Minecraft Forge, FMLFileResourcePack:Not Enough Items, FMLFileResourcePack:Borscht, FMLFileResourcePack:TerraFirmaCraft+
[11:20:49] [Sound Library Loader/INFO]: Sound engine started
[11:20:52] [Client thread/INFO]: Created: 16x16 textures/blocks-atlas
[11:20:53] [Client thread/INFO]: Created: 16x16 textures/items-atlas
[11:21:09] [Client thread/INFO]: Reloading ResourceManager: Default, FMLFileResourcePack:Forge Mod Loader, FMLFileResourcePack:Minecraft Forge, FMLFileResourcePack:Not Enough Items, FMLFileResourcePack:Borscht, FMLFileResourcePack:TerraFirmaCraft+
[11:21:13] [Client thread/INFO]: Created: 1024x1024 textures/blocks-atlas
[11:21:14] [Client thread/INFO]: Created: 1024x512 textures/items-atlas
[11:21:17] [Sound Library Loader/INFO]: Sound engine started
[11:21:25] [Server thread/INFO]: Starting integrated minecraft server version 1.7.10
[11:21:25] [Server thread/INFO]: Generating keypair
[11:21:26] [Server thread/INFO]: Preparing start region for level 0
[11:21:27] [Server thread/INFO]: Preparing spawn area: 0%
[11:21:30] [Server thread/INFO]: Preparing spawn area: 28%
[11:21:33] [Server thread/INFO]: Preparing spawn area: 65%
[11:21:34] [Server thread/INFO]: Changing view distance to 2, from 10
[11:21:37] [Server thread/WARN]: Can't keep up! Did the system time change, or is the server overloaded? Running 2393ms behind, skipping 47 tick(s)
[11:21:37] [Server thread/INFO]: Player251[local:E:656febca] logged in with entity id 182 at (132.47684958355967, 148.0, -2368.9064491883178)
[11:21:37] [Server thread/INFO]: Player251 joined the game
[11:21:52] [Server thread/WARN]: Can't keep up! Did the system time change, or is the server overloaded? Running 2174ms behind, skipping 43 tick(s)
[11:22:00] [Server thread/INFO]: Player251 has just earned the achievement [Taking Inventory]
[11:22:03] [Client thread/INFO]: [CHAT] Player251 has just earned the achievement [Taking Inventory]
[11:22:08] [Server thread/INFO]: [Player251: Set own game mode to Creative Mode]
[11:22:08] [Client thread/INFO]: [CHAT] Your game mode has been updated
[11:22:12] [Server thread/INFO]: [Player251: Set the time to 600000]
[11:22:12] [Client thread/INFO]: [CHAT] Set the time to 600000
[11:23:14] [Server thread/WARN]: Can't keep up! Did the system time change, or is the server overloaded? Running 2002ms behind, skipping 40 tick(s)
[11:23:16] [Client thread/INFO]: Warning: Clientside chunk ticking took 150 ms
[11:23:39] [Server thread/WARN]: Can't keep up! Did the system time change, or is the server overloaded? Running 2446ms behind, skipping 48 tick(s)
[11:34:04] [Client thread/INFO]: Warning: Clientside chunk ticking took 101 ms
[11:41:59] [Client thread/INFO]: Stopping!
[11:41:59] [Server thread/INFO]: Stopping server
[11:41:59] [Server thread/INFO]: Saving players
[11:41:59] [Server thread/INFO]: Saving worlds
[11:41:59] [Server thread/INFO]: Saving chunks for level 'New World'/DEFAULT
[11:41:59] [Server thread/INFO]: Saving chunks for level 'New World'/Nether
[11:41:59] [Server thread/INFO]: Saving chunks for level 'New World'/DEFAULT
