WARNING: You are using an unsupported version of ForgeGradle.
Please consider upgrading to ForgeGradle 4 and helping in the efforts to get old versions working on the modern toolchain.
See https://gist.github.com/TheCurle/fe7ad3ede188cbdd15c235cc75d52d4a for more info on contributing.
:compileApiJava NO-SOURCE
:processApiResources NO-SOURCE
:apiClasses UP-TO-DATE
:sourceMainJava
:compileJavawarning: [options] bootstrap class path not set in conjunction with -source 1.6
1 warning

:processResources UP-TO-DATE
:classes
:jar
:compileTestJava NO-SOURCE
:processTestResources NO-SOURCE
:testClasses UP-TO-DATE
:test NO-SOURCE
:extractMcpData UP-TO-DATE
:getVersionJson
:extractUserDev UP-TO-DATE
:genSrgs SKIPPED
:reobf
:assemble
:check UP-TO-DATE
:build

BUILD SUCCESSFUL

Total time: 5.767 secs
